[  118427ms] [WARNING] https://svelte.dev/e/hydration_mismatch @ http://localhost:5173/node_modules/.vite/deps/chunk-IESFX5JZ.js?v=46937dbc:97
[  135694ms] [WARNING] https://svelte.dev/e/hydration_mismatch @ http://localhost:5173/node_modules/.vite/deps/chunk-IESFX5JZ.js?v=46937dbc:97
[  204222ms] [WARNING] https://svelte.dev/e/hydration_mismatch @ http://localhost:5173/node_modules/.vite/deps/chunk-IESFX5JZ.js?v=46937dbc:97
[  220328ms] [WARNING] https://svelte.dev/e/hydration_mismatch @ http://localhost:5173/node_modules/.vite/deps/chunk-IESFX5JZ.js?v=46937dbc:97
[  421411ms] [WARNING] https://svelte.dev/e/hydration_mismatch @ http://localhost:5173/node_modules/.vite/deps/chunk-IESFX5JZ.js?v=46937dbc:97
[  438356ms] [WARNING] https://svelte.dev/e/hydration_mismatch @ http://localhost:5173/node_modules/.vite/deps/chunk-IESFX5JZ.js?v=46937dbc:97
[  848968ms] [WARNING] https://svelte.dev/e/hydration_mismatch @ http://localhost:5173/node_modules/.vite/deps/chunk-IESFX5JZ.js?v=46937dbc:97
[  869409ms] [WARNING] https://svelte.dev/e/hydration_mismatch @ http://localhost:5173/node_modules/.vite/deps/chunk-IESFX5JZ.js?v=46937dbc:97
[ 1233937ms] [WARNING] https://svelte.dev/e/hydration_mismatch @ http://localhost:5173/node_modules/.vite/deps/chunk-IESFX5JZ.js?v=46937dbc:97
[ 1251660ms] [WARNING] https://svelte.dev/e/hydration_mismatch @ http://localhost:5173/node_modules/.vite/deps/chunk-IESFX5JZ.js?v=46937dbc:97
[ 1276841ms] [WARNING] https://svelte.dev/e/hydration_mismatch @ http://localhost:5173/node_modules/.vite/deps/chunk-IESFX5JZ.js?v=46937dbc:97
[ 1295119ms] [WARNING] https://svelte.dev/e/hydration_mismatch @ http://localhost:5173/node_modules/.vite/deps/chunk-IESFX5JZ.js?v=46937dbc:97
[ 1679845ms] [ERROR] TypeError: Cannot perform Construct on a detached or out-of-bounds ArrayBuffer
    at new Float32Array (<anonymous>)
    at Renderer._drawImageMesh (http://localhost:5173/node_modules/.vite/deps/@rive-app_canvas.js?v=46937dbc:555:145)
    at methodCaller<(RenderImage const*, ImageSampler, BlendMode, float, emscripten::val, emscripten::val, emscripten::val, float, float, float, float) => void> (http://localhost:5173/node_modules/.vite/deps/@rive-app_canvas.js?v=46937dbc:3009:50)
    at _emval_call_method (http://localhost:5173/node_modules/.vite/deps/@rive-app_canvas.js?v=46937dbc:2999:28)
    at https://unpkg.com/@rive-app/canvas@2.32.2/rive.wasm:wasm-function[1044]:0x2356f
    at https://unpkg.com/@rive-app/canvas@2.32.2/rive.wasm:wasm-function[4128]:0x77dde
    at https://unpkg.com/@rive-app/canvas@2.32.2/rive.wasm:wasm-function[4129]:0x77e3e
    at https://unpkg.com/@rive-app/canvas@2.32.2/rive.wasm:wasm-function[3564]:0x6b6e4
    at https://unpkg.com/@rive-app/canvas@2.32.2/rive.wasm:wasm-function[762]:0x1b05b
    at https://unpkg.com/@rive-app/canvas@2.32.2/rive.wasm:wasm-function[258]:0x10d02 @ https://eu-assets.i.posthog.com/static/posthog-recorder.js?v=1.304.0:0
[ 2132713ms] [ERROR] TypeError: Cannot perform Construct on a detached or out-of-bounds ArrayBuffer
    at new Float32Array (<anonymous>)
    at Renderer._drawImageMesh (http://localhost:5173/node_modules/.vite/deps/@rive-app_canvas.js?v=46937dbc:555:145)
    at methodCaller<(RenderImage const*, ImageSampler, BlendMode, float, emscripten::val, emscripten::val, emscripten::val, float, float, float, float) => void> (http://localhost:5173/node_modules/.vite/deps/@rive-app_canvas.js?v=46937dbc:3009:50)
    at _emval_call_method (http://localhost:5173/node_modules/.vite/deps/@rive-app_canvas.js?v=46937dbc:2999:28)
    at https://unpkg.com/@rive-app/canvas@2.32.2/rive.wasm:wasm-function[1044]:0x2356f
    at https://unpkg.com/@rive-app/canvas@2.32.2/rive.wasm:wasm-function[4128]:0x77dde
    at https://unpkg.com/@rive-app/canvas@2.32.2/rive.wasm:wasm-function[4129]:0x77e3e
    at https://unpkg.com/@rive-app/canvas@2.32.2/rive.wasm:wasm-function[3564]:0x6b6e4
    at https://unpkg.com/@rive-app/canvas@2.32.2/rive.wasm:wasm-function[762]:0x1b05b
    at https://unpkg.com/@rive-app/canvas@2.32.2/rive.wasm:wasm-function[258]:0x10d02 @ https://eu-assets.i.posthog.com/static/posthog-recorder.js?v=1.304.0:0
